  lab3.cpp
C:\itcha\Cours\asm\lab3\lab3\lab3.cpp(20,2): error C4235: использовано нестандартное расширение: ключевое слово "__asm" данной архитектурой не поддерживается
C:\itcha\Cours\asm\lab3\lab3\lab3.cpp(21,3): error C2065: pushad: необъявленный идентификатор
C:\itcha\Cours\asm\lab3\lab3\lab3.cpp(22,3): error C2146: синтаксическая ошибка: отсутствие ";" перед идентификатором "lea"
C:\itcha\Cours\asm\lab3\lab3\lab3.cpp(22,3): error C2065: lea: необъявленный идентификатор
C:\itcha\Cours\asm\lab3\lab3\lab3.cpp(22,7): error C2146: синтаксическая ошибка: отсутствие ";" перед идентификатором "edi"
C:\itcha\Cours\asm\lab3\lab3\lab3.cpp(22,7): error C2065: edi: необъявленный идентификатор
C:\itcha\Cours\asm\lab3\lab3\lab3.cpp(23,3): error C2146: синтаксическая ошибка: отсутствие ";" перед идентификатором "lea"
C:\itcha\Cours\asm\lab3\lab3\lab3.cpp(23,3): error C2065: lea: необъявленный идентификатор
C:\itcha\Cours\asm\lab3\lab3\lab3.cpp(23,7): error C2146: синтаксическая ошибка: отсутствие ";" перед идентификатором "esi"
C:\itcha\Cours\asm\lab3\lab3\lab3.cpp(23,7): error C2065: esi: необъявленный идентификатор
C:\itcha\Cours\asm\lab3\lab3\lab3.cpp(24,3): error C2146: синтаксическая ошибка: отсутствие ";" перед идентификатором "mov"
C:\itcha\Cours\asm\lab3\lab3\lab3.cpp(24,3): error C2065: mov: необъявленный идентификатор
C:\itcha\Cours\asm\lab3\lab3\lab3.cpp(24,7): error C2146: синтаксическая ошибка: отсутствие ";" перед идентификатором "ebx"
C:\itcha\Cours\asm\lab3\lab3\lab3.cpp(24,7): error C2065: ebx: необъявленный идентификатор
C:\itcha\Cours\asm\lab3\lab3\lab3.cpp(25,3): error C2146: синтаксическая ошибка: отсутствие ";" перед идентификатором "mov"
C:\itcha\Cours\asm\lab3\lab3\lab3.cpp(25,3): error C2065: mov: необъявленный идентификатор
C:\itcha\Cours\asm\lab3\lab3\lab3.cpp(25,7): error C2146: синтаксическая ошибка: отсутствие ";" перед идентификатором "ecx"
C:\itcha\Cours\asm\lab3\lab3\lab3.cpp(25,7): error C2065: ecx: необъявленный идентификатор
C:\itcha\Cours\asm\lab3\lab3\lab3.cpp(27,3): error C2146: синтаксическая ошибка: отсутствие ";" перед идентификатором "dist"
C:\itcha\Cours\asm\lab3\lab3\lab3.cpp(28,4): error C2065: cmp: необъявленный идентификатор
C:\itcha\Cours\asm\lab3\lab3\lab3.cpp(28,8): error C2146: синтаксическая ошибка: отсутствие ";" перед идентификатором "edi"
C:\itcha\Cours\asm\lab3\lab3\lab3.cpp(28,8): error C2065: edi: необъявленный идентификатор
C:\itcha\Cours\asm\lab3\lab3\lab3.cpp(29,4): error C2146: синтаксическая ошибка: отсутствие ";" перед идентификатором "jae"
C:\itcha\Cours\asm\lab3\lab3\lab3.cpp(29,4): error C2065: jae: необъявленный идентификатор
C:\itcha\Cours\asm\lab3\lab3\lab3.cpp(29,8): error C2146: синтаксическая ошибка: отсутствие ";" перед идентификатором "big_number"
C:\itcha\Cours\asm\lab3\lab3\lab3.cpp(29,8): error C2065: big_number: необъявленный идентификатор
C:\itcha\Cours\asm\lab3\lab3\lab3.cpp(30,4): error C2146: синтаксическая ошибка: отсутствие ";" перед идентификатором "cmp"
C:\itcha\Cours\asm\lab3\lab3\lab3.cpp(30,4): error C2065: cmp: необъявленный идентификатор
C:\itcha\Cours\asm\lab3\lab3\lab3.cpp(30,8): error C2146: синтаксическая ошибка: отсутствие ";" перед идентификатором "edi"
C:\itcha\Cours\asm\lab3\lab3\lab3.cpp(30,8): error C2065: edi: необъявленный идентификатор
C:\itcha\Cours\asm\lab3\lab3\lab3.cpp(31,4): error C2146: синтаксическая ошибка: отсутствие ";" перед идентификатором "jb"
C:\itcha\Cours\asm\lab3\lab3\lab3.cpp(31,4): error C2065: jb: необъявленный идентификатор
C:\itcha\Cours\asm\lab3\lab3\lab3.cpp(31,7): error C2146: синтаксическая ошибка: отсутствие ";" перед идентификатором "less_number"
C:\itcha\Cours\asm\lab3\lab3\lab3.cpp(31,7): error C2065: less_number: необъявленный идентификатор
C:\itcha\Cours\asm\lab3\lab3\lab3.cpp(32,4): error C2146: синтаксическая ошибка: отсутствие ";" перед идентификатором "test"
C:\itcha\Cours\asm\lab3\lab3\lab3.cpp(32,4): error C2065: test: необъявленный идентификатор
C:\itcha\Cours\asm\lab3\lab3\lab3.cpp(32,9): error C2146: синтаксическая ошибка: отсутствие ";" перед идентификатором "edi"
C:\itcha\Cours\asm\lab3\lab3\lab3.cpp(32,9): error C2065: edi: необъявленный идентификатор
C:\itcha\Cours\asm\lab3\lab3\lab3.cpp(33,4): error C2146: синтаксическая ошибка: отсутствие ";" перед идентификатором "jz"
C:\itcha\Cours\asm\lab3\lab3\lab3.cpp(33,4): error C2065: jz: необъявленный идентификатор
C:\itcha\Cours\asm\lab3\lab3\lab3.cpp(33,7): error C2146: синтаксическая ошибка: отсутствие ";" перед идентификатором "even_number"
C:\itcha\Cours\asm\lab3\lab3\lab3.cpp(33,7): error C2065: even_number: необъявленный идентификатор
C:\itcha\Cours\asm\lab3\lab3\lab3.cpp(34,4): error C2146: синтаксическая ошибка: отсутствие ";" перед идентификатором "jmp"
C:\itcha\Cours\asm\lab3\lab3\lab3.cpp(34,4): error C2065: jmp: необъявленный идентификатор
C:\itcha\Cours\asm\lab3\lab3\lab3.cpp(34,8): error C2146: синтаксическая ошибка: отсутствие ";" перед идентификатором "odd_number"
C:\itcha\Cours\asm\lab3\lab3\lab3.cpp(34,8): error C2065: odd_number: необъявленный идентификатор
C:\itcha\Cours\asm\lab3\lab3\lab3.cpp(36,3): error C2146: синтаксическая ошибка: отсутствие ";" перед идентификатором "big_number"
C:\itcha\Cours\asm\lab3\lab3\lab3.cpp(37,4): error C2065: movzx: необъявленный идентификатор
C:\itcha\Cours\asm\lab3\lab3\lab3.cpp(37,10): error C2146: синтаксическая ошибка: отсутствие ";" перед идентификатором "ecx"
C:\itcha\Cours\asm\lab3\lab3\lab3.cpp(37,10): error C2065: ecx: необъявленный идентификатор
C:\itcha\Cours\asm\lab3\lab3\lab3.cpp(37,15): error C2065: bh: необъявленный идентификатор
C:\itcha\Cours\asm\lab3\lab3\lab3.cpp(38,4): error C2146: синтаксическая ошибка: отсутствие ";" перед идентификатором "cmp"
C:\itcha\Cours\asm\lab3\lab3\lab3.cpp(38,4): error C2065: cmp: необъявленный идентификатор
C:\itcha\Cours\asm\lab3\lab3\lab3.cpp(38,8): error C2146: синтаксическая ошибка: отсутствие ";" перед идентификатором "ecx"
C:\itcha\Cours\asm\lab3\lab3\lab3.cpp(38,8): error C2065: ecx: необъявленный идентификатор
C:\itcha\Cours\asm\lab3\lab3\lab3.cpp(39,4): error C2146: синтаксическая ошибка: отсутствие ";" перед идентификатором "jae"
C:\itcha\Cours\asm\lab3\lab3\lab3.cpp(39,4): error C2065: jae: необъявленный идентификатор
C:\itcha\Cours\asm\lab3\lab3\lab3.cpp(39,8): error C2146: синтаксическая ошибка: отсутствие ";" перед идентификатором "end_loop"
C:\itcha\Cours\asm\lab3\lab3\lab3.cpp(39,8): error C2065: end_loop: необъявленный идентификатор
C:\itcha\Cours\asm\lab3\lab3\lab3.cpp(40,4): error C2146: синтаксическая ошибка: отсутствие ";" перед идентификатором "mov"
C:\itcha\Cours\asm\lab3\lab3\lab3.cpp(40,4): error C2065: mov: необъявленный идентификатор
C:\itcha\Cours\asm\lab3\lab3\lab3.cpp(40,9): error C2065: esi: необъявленный идентификатор
C:\itcha\Cours\asm\lab3\lab3\lab3.cpp(40,15): error C2065: esi: необъявленный идентификатор
C:\itcha\Cours\asm\lab3\lab3\lab3.cpp(40,26): error C7732: expected an expression before ']'
C:\itcha\Cours\asm\lab3\lab3\lab3.cpp(40,29): error C2065: edi: необъявленный идентификатор
C:\itcha\Cours\asm\lab3\lab3\lab3.cpp(41,4): error C2146: синтаксическая ошибка: отсутствие ";" перед идентификатором "inc"
C:\itcha\Cours\asm\lab3\lab3\lab3.cpp(41,4): error C2065: inc: необъявленный идентификатор
C:\itcha\Cours\asm\lab3\lab3\lab3.cpp(41,8): error C2146: синтаксическая ошибка: отсутствие ";" перед идентификатором "bh"
C:\itcha\Cours\asm\lab3\lab3\lab3.cpp(41,8): error C2065: bh: необъявленный идентификатор
C:\itcha\Cours\asm\lab3\lab3\lab3.cpp(42,4): error C2146: синтаксическая ошибка: отсутствие ";" перед идентификатором "jmp"
C:\itcha\Cours\asm\lab3\lab3\lab3.cpp(42,4): error C2065: jmp: необъявленный идентификатор
C:\itcha\Cours\asm\lab3\lab3\lab3.cpp(42,8): error C2146: синтаксическая ошибка: отсутствие ";" перед идентификатором "increment_number"
C:\itcha\Cours\asm\lab3\lab3\lab3.cpp(42,8): error C2065: increment_number: необъявленный идентификатор
C:\itcha\Cours\asm\lab3\lab3\lab3.cpp(44,3): error C2146: синтаксическая ошибка: отсутствие ";" перед идентификатором "less_number"
C:\itcha\Cours\asm\lab3\lab3\lab3.cpp(45,4): error C2065: movzx: необъявленный идентификатор
C:\itcha\Cours\asm\lab3\lab3\lab3.cpp(45,10): error C2146: синтаксическая ошибка: отсутствие ";" перед идентификатором "ecx"
C:\itcha\Cours\asm\lab3\lab3\lab3.cpp(45,10): error C2065: ecx: необъявленный идентификатор
C:\itcha\Cours\asm\lab3\lab3\lab3.cpp(45,15): error C2065: bl: необъявленный идентификатор
C:\itcha\Cours\asm\lab3\lab3\lab3.cpp(46,4): error C2146: синтаксическая ошибка: отсутствие ";" перед идентификатором "cmp"
C:\itcha\Cours\asm\lab3\lab3\lab3.cpp(46,4): error C2065: cmp: необъявленный идентификатор
C:\itcha\Cours\asm\lab3\lab3\lab3.cpp(46,8): error C2146: синтаксическая ошибка: отсутствие ";" перед идентификатором "ecx"
C:\itcha\Cours\asm\lab3\lab3\lab3.cpp(46,8): error C2065: ecx: необъявленный идентификатор
C:\itcha\Cours\asm\lab3\lab3\lab3.cpp(47,4): error C2146: синтаксическая ошибка: отсутствие ";" перед идентификатором "jae"
C:\itcha\Cours\asm\lab3\lab3\lab3.cpp(47,4): error C2065: jae: необъявленный идентификатор
C:\itcha\Cours\asm\lab3\lab3\lab3.cpp(47,8): error C2146: синтаксическая ошибка: отсутствие ";" перед идентификатором "out_loop"
C:\itcha\Cours\asm\lab3\lab3\lab3.cpp(47,8): error C2065: out_loop: необъявленный идентификатор
C:\itcha\Cours\asm\lab3\lab3\lab3.cpp(48,4): error C2146: синтаксическая ошибка: отсутствие ";" перед идентификатором "mov"
C:\itcha\Cours\asm\lab3\lab3\lab3.cpp(48,4): error C2065: mov: необъявленный идентификатор
C:\itcha\Cours\asm\lab3\lab3\lab3.cpp(48,9): error C2065: esi: необъявленный идентификатор
C:\itcha\Cours\asm\lab3\lab3\lab3.cpp(48,15): error C2065: esi: необъявленный идентификатор
C:\itcha\Cours\asm\lab3\lab3\lab3.cpp(48,26): error C7732: expected an expression before ']'
C:\itcha\Cours\asm\lab3\lab3\lab3.cpp(48,29): error C2065: edi: необъявленный идентификатор
C:\itcha\Cours\asm\lab3\lab3\lab3.cpp(49,4): error C2146: синтаксическая ошибка: отсутствие ";" перед идентификатором "inc"
C:\itcha\Cours\asm\lab3\lab3\lab3.cpp(49,4): error C2065: inc: необъявленный идентификатор
C:\itcha\Cours\asm\lab3\lab3\lab3.cpp(49,8): error C2146: синтаксическая ошибка: отсутствие ";" перед идентификатором "bl"
C:\itcha\Cours\asm\lab3\lab3\lab3.cpp(49,8): error C2065: bl: необъявленный идентификатор
C:\itcha\Cours\asm\lab3\lab3\lab3.cpp(50,4): error C2146: синтаксическая ошибка: отсутствие ";" перед идентификатором "jmp"
C:\itcha\Cours\asm\lab3\lab3\lab3.cpp(50,4): error C2065: jmp: необъявленный идентификатор
C:\itcha\Cours\asm\lab3\lab3\lab3.cpp(50,8): error C2146: синтаксическая ошибка: отсутствие ";" перед идентификатором "increment_number"
C:\itcha\Cours\asm\lab3\lab3\lab3.cpp(50,8): error C2065: increment_number: необъявленный идентификатор
C:\itcha\Cours\asm\lab3\lab3\lab3.cpp(52,3): error C2146: синтаксическая ошибка: отсутствие ";" перед идентификатором "even_number"
C:\itcha\Cours\asm\lab3\lab3\lab3.cpp(53,4): error C2065: movzx: необъявленный идентификатор
C:\itcha\Cours\asm\lab3\lab3\lab3.cpp(53,4): error C1003: число ошибок превышает 100; остановка компиляции
