  lab1.cpp
C:\itcha\Cours\asm\lab1\lab1\lab1.cpp(5,2): error C4235: использовано нестандартное расширение: ключевое слово "__asm" данной архитектурой не поддерживается
C:\itcha\Cours\asm\lab1\lab1\lab1.cpp(6,3): error C2065: pushad: необъявленный идентификатор
C:\itcha\Cours\asm\lab1\lab1\lab1.cpp(8,3): error C2146: синтаксическая ошибка: отсутствие ";" перед идентификатором "MOV"
C:\itcha\Cours\asm\lab1\lab1\lab1.cpp(8,3): error C2065: MOV: необъявленный идентификатор
C:\itcha\Cours\asm\lab1\lab1\lab1.cpp(8,7): error C2146: синтаксическая ошибка: отсутствие ";" перед идентификатором "ESI"
C:\itcha\Cours\asm\lab1\lab1\lab1.cpp(8,7): error C2065: ESI: необъявленный идентификатор
C:\itcha\Cours\asm\lab1\lab1\lab1.cpp(9,3): error C2146: синтаксическая ошибка: отсутствие ";" перед идентификатором "MOV"
C:\itcha\Cours\asm\lab1\lab1\lab1.cpp(9,3): error C2065: MOV: необъявленный идентификатор
C:\itcha\Cours\asm\lab1\lab1\lab1.cpp(9,7): error C2146: синтаксическая ошибка: отсутствие ";" перед идентификатором "EBX"
C:\itcha\Cours\asm\lab1\lab1\lab1.cpp(9,7): error C2065: EBX: необъявленный идентификатор
C:\itcha\Cours\asm\lab1\lab1\lab1.cpp(11,3): error C2146: синтаксическая ошибка: отсутствие ";" перед идентификатором "MOV"
C:\itcha\Cours\asm\lab1\lab1\lab1.cpp(11,3): error C2065: MOV: необъявленный идентификатор
C:\itcha\Cours\asm\lab1\lab1\lab1.cpp(11,7): error C2146: синтаксическая ошибка: отсутствие ";" перед идентификатором "CX"
C:\itcha\Cours\asm\lab1\lab1\lab1.cpp(11,7): error C2065: CX: необъявленный идентификатор
C:\itcha\Cours\asm\lab1\lab1\lab1.cpp(12,3): error C2146: синтаксическая ошибка: отсутствие ";" перед идентификатором "MOV"
C:\itcha\Cours\asm\lab1\lab1\lab1.cpp(12,3): error C2065: MOV: необъявленный идентификатор
C:\itcha\Cours\asm\lab1\lab1\lab1.cpp(12,7): error C2146: синтаксическая ошибка: отсутствие ";" перед идентификатором "DI"
C:\itcha\Cours\asm\lab1\lab1\lab1.cpp(12,7): error C2065: DI: необъявленный идентификатор
C:\itcha\Cours\asm\lab1\lab1\lab1.cpp(14,3): error C2146: синтаксическая ошибка: отсутствие ";" перед идентификатором "MOV"
C:\itcha\Cours\asm\lab1\lab1\lab1.cpp(14,3): error C2065: MOV: необъявленный идентификатор
C:\itcha\Cours\asm\lab1\lab1\lab1.cpp(14,7): error C2146: синтаксическая ошибка: отсутствие ";" перед идентификатором "DH"
C:\itcha\Cours\asm\lab1\lab1\lab1.cpp(14,7): error C2065: DH: необъявленный идентификатор
C:\itcha\Cours\asm\lab1\lab1\lab1.cpp(15,3): error C2146: синтаксическая ошибка: отсутствие ";" перед идентификатором "MOV"
C:\itcha\Cours\asm\lab1\lab1\lab1.cpp(15,3): error C2065: MOV: необъявленный идентификатор
C:\itcha\Cours\asm\lab1\lab1\lab1.cpp(15,7): error C2146: синтаксическая ошибка: отсутствие ";" перед идентификатором "DL"
C:\itcha\Cours\asm\lab1\lab1\lab1.cpp(15,7): error C2065: DL: необъявленный идентификатор
C:\itcha\Cours\asm\lab1\lab1\lab1.cpp(18,3): error C2146: синтаксическая ошибка: отсутствие ";" перед идентификатором "XCHG"
C:\itcha\Cours\asm\lab1\lab1\lab1.cpp(18,3): error C2065: XCHG: необъявленный идентификатор
C:\itcha\Cours\asm\lab1\lab1\lab1.cpp(18,8): error C2146: синтаксическая ошибка: отсутствие ";" перед идентификатором "EBX"
C:\itcha\Cours\asm\lab1\lab1\lab1.cpp(18,8): error C2065: EBX: необъявленный идентификатор
C:\itcha\Cours\asm\lab1\lab1\lab1.cpp(18,13): error C2065: ESI: необъявленный идентификатор
C:\itcha\Cours\asm\lab1\lab1\lab1.cpp(20,3): error C2146: синтаксическая ошибка: отсутствие ";" перед идентификатором "LEA"
C:\itcha\Cours\asm\lab1\lab1\lab1.cpp(20,3): error C2065: LEA: необъявленный идентификатор
C:\itcha\Cours\asm\lab1\lab1\lab1.cpp(20,7): error C2146: синтаксическая ошибка: отсутствие ";" перед идентификатором "EAX"
C:\itcha\Cours\asm\lab1\lab1\lab1.cpp(20,7): error C2065: EAX: необъявленный идентификатор
C:\itcha\Cours\asm\lab1\lab1\lab1.cpp(20,12): error C2065: a: необъявленный идентификатор
C:\itcha\Cours\asm\lab1\lab1\lab1.cpp(21,3): error C2146: синтаксическая ошибка: отсутствие ";" перед идентификатором "MOV"
C:\itcha\Cours\asm\lab1\lab1\lab1.cpp(21,3): error C2065: MOV: необъявленный идентификатор
C:\itcha\Cours\asm\lab1\lab1\lab1.cpp(21,7): error C2146: синтаксическая ошибка: отсутствие ";" перед идентификатором "dword"
C:\itcha\Cours\asm\lab1\lab1\lab1.cpp(21,7): error C2065: dword: необъявленный идентификатор
C:\itcha\Cours\asm\lab1\lab1\lab1.cpp(21,13): error C2146: синтаксическая ошибка: отсутствие ";" перед идентификатором "ptr"
C:\itcha\Cours\asm\lab1\lab1\lab1.cpp(21,13): error C2065: ptr: необъявленный идентификатор
C:\itcha\Cours\asm\lab1\lab1\lab1.cpp(21,17): error C2065: EAX: необъявленный идентификатор
C:\itcha\Cours\asm\lab1\lab1\lab1.cpp(21,23): error C2065: ESI: необъявленный идентификатор
C:\itcha\Cours\asm\lab1\lab1\lab1.cpp(22,3): error C2146: синтаксическая ошибка: отсутствие ";" перед идентификатором "MOV"
C:\itcha\Cours\asm\lab1\lab1\lab1.cpp(22,3): error C2065: MOV: необъявленный идентификатор
C:\itcha\Cours\asm\lab1\lab1\lab1.cpp(22,7): error C2146: синтаксическая ошибка: отсутствие ";" перед идентификатором "ESI"
C:\itcha\Cours\asm\lab1\lab1\lab1.cpp(22,7): error C2065: ESI: необъявленный идентификатор
C:\itcha\Cours\asm\lab1\lab1\lab1.cpp(22,12): error C2065: EBX: необъявленный идентификатор
C:\itcha\Cours\asm\lab1\lab1\lab1.cpp(23,3): error C2146: синтаксическая ошибка: отсутствие ";" перед идентификатором "MOV"
C:\itcha\Cours\asm\lab1\lab1\lab1.cpp(23,3): error C2065: MOV: необъявленный идентификатор
C:\itcha\Cours\asm\lab1\lab1\lab1.cpp(23,7): error C2146: синтаксическая ошибка: отсутствие ";" перед идентификатором "EBX"
C:\itcha\Cours\asm\lab1\lab1\lab1.cpp(23,7): error C2065: EBX: необъявленный идентификатор
C:\itcha\Cours\asm\lab1\lab1\lab1.cpp(23,12): error C2065: dword: необъявленный идентификатор
C:\itcha\Cours\asm\lab1\lab1\lab1.cpp(23,18): error C2146: синтаксическая ошибка: отсутствие ";" перед идентификатором "ptr"
C:\itcha\Cours\asm\lab1\lab1\lab1.cpp(23,18): error C2065: ptr: необъявленный идентификатор
C:\itcha\Cours\asm\lab1\lab1\lab1.cpp(23,22): error C2065: EAX: необъявленный идентификатор
C:\itcha\Cours\asm\lab1\lab1\lab1.cpp(25,3): error C2146: синтаксическая ошибка: отсутствие ";" перед идентификатором "MOV"
C:\itcha\Cours\asm\lab1\lab1\lab1.cpp(25,3): error C2065: MOV: необъявленный идентификатор
C:\itcha\Cours\asm\lab1\lab1\lab1.cpp(25,7): error C2146: синтаксическая ошибка: отсутствие ";" перед идентификатором "EAX"
C:\itcha\Cours\asm\lab1\lab1\lab1.cpp(25,7): error C2065: EAX: необъявленный идентификатор
C:\itcha\Cours\asm\lab1\lab1\lab1.cpp(25,12): error C2065: ESI: необъявленный идентификатор
C:\itcha\Cours\asm\lab1\lab1\lab1.cpp(26,3): error C2146: синтаксическая ошибка: отсутствие ";" перед идентификатором "MOV"
C:\itcha\Cours\asm\lab1\lab1\lab1.cpp(26,3): error C2065: MOV: необъявленный идентификатор
C:\itcha\Cours\asm\lab1\lab1\lab1.cpp(26,7): error C2146: синтаксическая ошибка: отсутствие ";" перед идентификатором "ESI"
C:\itcha\Cours\asm\lab1\lab1\lab1.cpp(26,7): error C2065: ESI: необъявленный идентификатор
C:\itcha\Cours\asm\lab1\lab1\lab1.cpp(26,12): error C2065: EBX: необъявленный идентификатор
C:\itcha\Cours\asm\lab1\lab1\lab1.cpp(27,3): error C2146: синтаксическая ошибка: отсутствие ";" перед идентификатором "MOV"
C:\itcha\Cours\asm\lab1\lab1\lab1.cpp(27,3): error C2065: MOV: необъявленный идентификатор
C:\itcha\Cours\asm\lab1\lab1\lab1.cpp(27,7): error C2146: синтаксическая ошибка: отсутствие ";" перед идентификатором "EBX"
C:\itcha\Cours\asm\lab1\lab1\lab1.cpp(27,7): error C2065: EBX: необъявленный идентификатор
C:\itcha\Cours\asm\lab1\lab1\lab1.cpp(27,12): error C2065: EAX: необъявленный идентификатор
C:\itcha\Cours\asm\lab1\lab1\lab1.cpp(29,3): error C2146: синтаксическая ошибка: отсутствие ";" перед идентификатором "PUSH"
C:\itcha\Cours\asm\lab1\lab1\lab1.cpp(29,3): error C2065: PUSH: необъявленный идентификатор
C:\itcha\Cours\asm\lab1\lab1\lab1.cpp(29,8): error C2146: синтаксическая ошибка: отсутствие ";" перед идентификатором "ESI"
C:\itcha\Cours\asm\lab1\lab1\lab1.cpp(29,8): error C2065: ESI: необъявленный идентификатор
C:\itcha\Cours\asm\lab1\lab1\lab1.cpp(30,3): error C2146: синтаксическая ошибка: отсутствие ";" перед идентификатором "PUSH"
C:\itcha\Cours\asm\lab1\lab1\lab1.cpp(30,3): error C2065: PUSH: необъявленный идентификатор
C:\itcha\Cours\asm\lab1\lab1\lab1.cpp(30,8): error C2146: синтаксическая ошибка: отсутствие ";" перед идентификатором "EBX"
C:\itcha\Cours\asm\lab1\lab1\lab1.cpp(30,8): error C2065: EBX: необъявленный идентификатор
C:\itcha\Cours\asm\lab1\lab1\lab1.cpp(31,3): error C2146: синтаксическая ошибка: отсутствие ";" перед идентификатором "POP"
C:\itcha\Cours\asm\lab1\lab1\lab1.cpp(31,3): error C2065: POP: необъявленный идентификатор
C:\itcha\Cours\asm\lab1\lab1\lab1.cpp(31,7): error C2146: синтаксическая ошибка: отсутствие ";" перед идентификатором "ESI"
C:\itcha\Cours\asm\lab1\lab1\lab1.cpp(31,7): error C2065: ESI: необъявленный идентификатор
C:\itcha\Cours\asm\lab1\lab1\lab1.cpp(32,3): error C2146: синтаксическая ошибка: отсутствие ";" перед идентификатором "POP"
C:\itcha\Cours\asm\lab1\lab1\lab1.cpp(32,3): error C2065: POP: необъявленный идентификатор
C:\itcha\Cours\asm\lab1\lab1\lab1.cpp(32,7): error C2146: синтаксическая ошибка: отсутствие ";" перед идентификатором "EBX"
C:\itcha\Cours\asm\lab1\lab1\lab1.cpp(32,7): error C2065: EBX: необъявленный идентификатор
C:\itcha\Cours\asm\lab1\lab1\lab1.cpp(35,3): error C2146: синтаксическая ошибка: отсутствие ";" перед идентификатором "XCHG"
C:\itcha\Cours\asm\lab1\lab1\lab1.cpp(35,3): error C2065: XCHG: необъявленный идентификатор
C:\itcha\Cours\asm\lab1\lab1\lab1.cpp(35,8): error C2146: синтаксическая ошибка: отсутствие ";" перед идентификатором "CX"
C:\itcha\Cours\asm\lab1\lab1\lab1.cpp(35,8): error C2065: CX: необъявленный идентификатор
C:\itcha\Cours\asm\lab1\lab1\lab1.cpp(35,12): error C2065: DI: необъявленный идентификатор
C:\itcha\Cours\asm\lab1\lab1\lab1.cpp(37,3): error C2146: синтаксическая ошибка: отсутствие ";" перед идентификатором "LEA"
C:\itcha\Cours\asm\lab1\lab1\lab1.cpp(37,3): error C2065: LEA: необъявленный идентификатор
C:\itcha\Cours\asm\lab1\lab1\lab1.cpp(37,7): error C2146: синтаксическая ошибка: отсутствие ";" перед идентификатором "EAX"
C:\itcha\Cours\asm\lab1\lab1\lab1.cpp(37,7): error C2065: EAX: необъявленный идентификатор
C:\itcha\Cours\asm\lab1\lab1\lab1.cpp(37,12): error C2065: a: необъявленный идентификатор
C:\itcha\Cours\asm\lab1\lab1\lab1.cpp(38,3): error C2146: синтаксическая ошибка: отсутствие ";" перед идентификатором "MOV"
C:\itcha\Cours\asm\lab1\lab1\lab1.cpp(38,3): error C2065: MOV: необъявленный идентификатор
C:\itcha\Cours\asm\lab1\lab1\lab1.cpp(38,7): error C2146: синтаксическая ошибка: отсутствие ";" перед идентификатором "word"
C:\itcha\Cours\asm\lab1\lab1\lab1.cpp(38,7): error C2065: word: необъявленный идентификатор
C:\itcha\Cours\asm\lab1\lab1\lab1.cpp(38,7): error C1003: число ошибок превышает 100; остановка компиляции
